<?xml version="1.0" encoding="UTF-8"?>
<!-- Generated by org.testng.reporters.JUnitReportReporter -->
<testsuite hostname="NahirJamal" failures="0" tests="28" name="Pages.EditOrder_In_TFK" time="541.392" errors="0" timestamp="2022-06-07T15:51:32 EET" skipped="0">
  <testcase classname="Pages.EditOrder_In_TFK" name="ValidData_WithInsert_NegativeNumber_In_OrderNet" time="13.697"/>
  <system-out/>
  <testcase classname="Pages.EditOrder_In_TFK" name="ValidData_Without_insertDataIN_OrderNet" time="17.025"/>
  <system-out/>
  <testcase classname="Pages.EditOrder_In_TFK" name="ValidData_WithInsert_OrderDiscount_GreaterThan_OrderTotal" time="23.996"/>
  <system-out/>
  <testcase classname="Pages.EditOrder_In_TFK" name="ValidData_WithInsert_Zero_In_OrderShipping" time="29.164"/>
  <system-out/>
  <testcase classname="Pages.EditOrder_In_TFK" name="ValidData_Without_insertDataIN_OrderShipping" time="12.476"/>
  <system-out/>
  <testcase classname="Pages.EditOrder_In_TFK" name="ValidData_WithInsert_OrderShipping_GreaterThan_OrderNet" time="22.098"/>
  <system-out/>
  <testcase classname="Pages.EditOrder_In_TFK" name="ValidData_WithInsert_NegativeNumber_In_OrderTotal" time="12.958"/>
  <system-out/>
  <testcase classname="Pages.EditOrder_In_TFK" name="ValidData_WithInsert_NegativeNumber_In_OrderTax" time="15.174"/>
  <system-out/>
  <testcase classname="Pages.EditOrder_In_TFK" name="ValidData_WithInsert_OrderNet_GreaterThan_OrderTotal" time="24.065"/>
  <system-out/>
  <testcase classname="Pages.EditOrder_In_TFK" name="ValidData_WithInsert_Zero_In_OrderDiscount" time="22.922"/>
  <system-out/>
  <testcase classname="Pages.EditOrder_In_TFK" name="ValidData_WithInsert_OrderCommission_GreaterThan_OrderTotal" time="22.062"/>
  <system-out/>
  <testcase classname="Pages.EditOrder_In_TFK" name="CheckThat_OrderID_Disabled" time="11.196"/>
  <system-out/>
  <testcase classname="Pages.EditOrder_In_TFK" name="ValidData_WithInsert_NegativeNumber_In_OrderShipping" time="17.889"/>
  <system-out/>
  <testcase classname="Pages.EditOrder_In_TFK" name="ValidData_With_Insert_Zero_In_OrderTotal" time="22.729"/>
  <system-out/>
  <testcase classname="Pages.EditOrder_In_TFK" name="ValidData_WithInsert_NegativeNumber_In_OrderCommission" time="11.877"/>
  <system-out/>
  <testcase classname="Pages.EditOrder_In_TFK" name="ValidData_Without_insertDataIN_OrderTax" time="17.838"/>
  <system-out/>
  <testcase classname="Pages.EditOrder_In_TFK" name="ValidData_WithInsert_OrderDiscount_GreaterThan_OrderNet" time="27.461"/>
  <system-out/>
  <testcase classname="Pages.EditOrder_In_TFK" name="ValidData_WithInsert_OrderShipping_GreaterThan_OrderTotal" time="23.046"/>
  <system-out/>
  <testcase classname="Pages.EditOrder_In_TFK" name="ValidData_Without_insertDataIN_OrderCommission" time="12.508"/>
  <system-out/>
  <testcase classname="Pages.EditOrder_In_TFK" name="ValidData_WithInsert_Zero_In_OrderCommission" time="28.132"/>
  <system-out/>
  <testcase classname="Pages.EditOrder_In_TFK" name="ValidData_WithInsert_OrderTax_GreaterThan_OrderTotal" time="23.903"/>
  <system-out/>
  <testcase classname="Pages.EditOrder_In_TFK" name="ValidData_WithInsert_OrderCommission_GreaterThan_OrderNet" time="23.316"/>
  <system-out/>
  <testcase classname="Pages.EditOrder_In_TFK" name="ValidData_WithInsert_Zero_In_OrderNet" time="21.956"/>
  <system-out/>
  <testcase classname="Pages.EditOrder_In_TFK" name="ValidData_WithInsert_NegativeNumber_In_OrderDiscount" time="13.443"/>
  <system-out/>
  <testcase classname="Pages.EditOrder_In_TFK" name="ValidData_WithInsert_OrderTax_GreaterThan_OrderNet" time="22.160"/>
  <system-out/>
  <testcase classname="Pages.EditOrder_In_TFK" name="ValidData_Without_insertDataIN_OrderDiscount" time="14.151"/>
  <system-out/>
  <testcase classname="Pages.EditOrder_In_TFK" name="ValidData_Without_InsertData_In_OrderTotal" time="12.124"/>
  <system-out/>
  <testcase classname="Pages.EditOrder_In_TFK" name="ValidData_WithInsert_Zero_In_OrderTax" time="22.026"/>
  <system-out/>
</testsuite> <!-- Pages.EditOrder_In_TFK -->
