<?xml version="1.0" encoding="UTF-8"?>
<!-- Generated by org.testng.reporters.JUnitReportReporter -->
<testsuite hostname="DESKTOP-LQOK2RU" failures="0" tests="1" name="Pages.Edit_Order" time="7.569" errors="0" timestamp="2022-03-10T11:07:20 EET" skipped="0">
  <testcase classname="Pages.Edit_Order" name="CheckThat_someFields_Disabled" time="7.569"/>
  <system-out/>
</testsuite> <!-- Pages.Edit_Order -->
