<?xml version="1.0" encoding="UTF-8"?>
<!-- Generated by org.testng.reporters.JUnitReportReporter -->
<testsuite hostname="NahirJamal" failures="0" tests="17" name="Pages.SignUP" time="152.026" errors="0" timestamp="2022-06-07T15:51:32 EET" skipped="0">
  <testcase classname="Pages.SignUP" name="SignUP_CorrectData_Butinsert_numberWhichExistBefore_in_phone" time="9.919"/>
  <system-out/>
  <testcase classname="Pages.SignUP" name="SignUP_Check_System_TerminateSpacesFrom_Mail" time="9.784"/>
  <system-out/>
  <testcase classname="Pages.SignUP" name="SignUP_CorrectData_Butinsert_value_less_than_minimum_limitation_in_phone" time="8.385"/>
  <system-out/>
  <testcase classname="Pages.SignUP" name="SignUP_ValidData" time="10.593"/>
  <system-out/>
  <testcase classname="Pages.SignUP" name="SignUP_ValidData_WithInsert_any_data_In_Description" time="11.163"/>
  <system-out/>
  <testcase classname="Pages.SignUP" name="SignUP_CorrectData_Butinsert_NumbersandSymbols_in_name" time="5.989"/>
  <system-out/>
  <testcase classname="Pages.SignUP" name="SignUP_CorrectData_Butinsert_value_Greater_than_maximum_limitation_in_phone" time="7.850"/>
  <system-out/>
  <testcase classname="Pages.SignUP" name="SignUP_CorrectData_Butinsert_value_less_than_minimum_limitation_in_password" time="7.905"/>
  <system-out/>
  <testcase classname="Pages.SignUP" name="SignUP_CorrectData_Butinsert_spaces_only_in_name" time="9.557"/>
  <system-out/>
  <testcase classname="Pages.SignUP" name="SignUP_CorrectData_Butinsert_email_exist_before_in_Mail" time="10.397"/>
  <system-out/>
  <testcase classname="Pages.SignUP" name="BackButton" time="8.850"/>
  <system-out/>
  <testcase classname="Pages.SignUP" name="SignUP_CorrectData_Butinsert_differentValuesin_password_and_confirmpassword" time="7.691"/>
  <system-out/>
  <testcase classname="Pages.SignUP" name="SignUP_CorrectData_Butinsert_value_Greater_than_maximum_limitation_in_password" time="7.587"/>
  <system-out/>
  <testcase classname="Pages.SignUP" name="SignUP_CorrectData_Butinsert_Wrong_Format_in_URL" time="9.192"/>
  <system-out/>
  <testcase classname="Pages.SignUP" name="SignUP_All_fields_empty" time="7.113"/>
  <system-out/>
  <testcase classname="Pages.SignUP" name="SignUP_CorrectData_Butinsert_lettersandsymbols_in_phone" time="9.098"/>
  <system-out/>
  <testcase classname="Pages.SignUP" name="SignUP_CorrectData_Butinsert_Wrong_Format_in_Mail" time="10.953"/>
  <system-out/>
</testsuite> <!-- Pages.SignUP -->
