<?xml version="1.0" encoding="UTF-8"?>
<!-- Generated by org.testng.reporters.JUnitReportReporter -->
<testsuite hostname="DESKTOP-LQOK2RU" failures="0" tests="7" name="Pages.Edit_orderByExcel" time="228.846" errors="0" timestamp="2022-05-16T16:55:01 EET" skipped="0">
  <testcase classname="Pages.Edit_orderByExcel" name="TestCases_OrderTotal" time="30.946"/>
  <system-out/>
  <testcase classname="Pages.Edit_orderByExcel" name="TestCases_Commision" time="20.857"/>
  <system-out/>
  <testcase classname="Pages.Edit_orderByExcel" name="TestCases_OrderTax" time="36.506"/>
  <system-out/>
  <testcase classname="Pages.Edit_orderByExcel" name="TestCases_OrderShipping" time="42.518"/>
  <system-out/>
  <testcase classname="Pages.Edit_orderByExcel" name="TestCases_OrderNet" time="38.688"/>
  <system-out/>
  <testcase classname="Pages.Edit_orderByExcel" name="ExportExcel_And_BulkUpdate" time="24.825"/>
  <system-out/>
  <testcase classname="Pages.Edit_orderByExcel" name="TestCases_OrderDiscount" time="34.506"/>
  <system-out/>
</testsuite> <!-- Pages.Edit_orderByExcel -->
