<?xml version="1.0" encoding="UTF-8"?>
<!-- Generated by org.testng.reporters.JUnitReportReporter -->
<testsuite hostname="NahirJamal" failures="0" tests="1" name="Pages.ChangeStatus" time="0.012" errors="0" timestamp="2022-05-26T13:42:20 EET" skipped="0">
  <testcase classname="Pages.ChangeStatus" name="CheckThat_OrderWhichPaid_NotEdit" time="0.012"/>
  <system-out/>
</testsuite> <!-- Pages.ChangeStatus -->
