<?xml version="1.0" encoding="UTF-8"?>
<!-- Generated by org.testng.reporters.JUnitReportReporter -->
<testsuite hostname="NahirJamal" failures="0" tests="10" name="Pages.Cookies" time="187.560" errors="0" timestamp="2022-06-07T15:51:32 EET" skipped="0">
  <testcase classname="Pages.Cookies" name="Cookies_Auditechnology" time="13.745"/>
  <system-out/>
  <testcase classname="Pages.Cookies" name="Cookies_alsharifbeaute" time="15.886"/>
  <system-out/>
  <testcase classname="Pages.Cookies" name="Cookies_Carina" time="12.461"/>
  <system-out/>
  <testcase classname="Pages.Cookies" name="Cookies_olife" time="17.442"/>
  <system-out/>
  <testcase classname="Pages.Cookies" name="Cookies_magmasport" time="35.600"/>
  <system-out/>
  <testcase classname="Pages.Cookies" name="Cookies_cdejewelry" time="32.910"/>
  <system-out/>
  <testcase classname="Pages.Cookies" name="Cookies_Entertainer" time="18.879"/>
  <system-out/>
  <testcase classname="Pages.Cookies" name="Cookies_melouk" time="12.132"/>
  <system-out/>
  <testcase classname="Pages.Cookies" name="Cookies_footcourt" time="13.154"/>
  <system-out/>
  <testcase classname="Pages.Cookies" name="Cookies_msou" time="15.351"/>
  <system-out/>
</testsuite> <!-- Pages.Cookies -->
