<?xml version="1.0" encoding="UTF-8"?>
<!-- Generated by org.testng.reporters.JUnitReportReporter -->
<testsuite hostname="NahirJamal" failures="0" tests="3" name="Pages.Exportand_Import_Excel" time="25.873" errors="0" timestamp="2022-06-07T15:51:32 EET" skipped="0">
  <testcase classname="Pages.Exportand_Import_Excel" name="ExportExcel_And_BulkUpdate" time="9.700"/>
  <system-out/>
  <testcase classname="Pages.Exportand_Import_Excel" name="Click_UploadFile_Without_chooseFile" time="7.193"/>
  <system-out/>
  <testcase classname="Pages.Exportand_Import_Excel" name="Upload_wrong_file_type" time="8.980"/>
  <system-out/>
</testsuite> <!-- Pages.Exportand_Import_Excel -->
