<?xml version="1.0" encoding="UTF-8"?>
<!-- Generated by org.testng.reporters.JUnitReportReporter -->
<testsuite hostname="NahirJamal" failures="0" tests="10" name="Pages.Invoices" time="100.118" errors="0" timestamp="2022-06-07T15:51:32 EET" skipped="0">
  <testcase classname="Pages.Invoices" name="Pay_InvoiceWith_correctData_Buinsert_spacesInField_FirstName" time="13.190"/>
  <system-out/>
  <testcase classname="Pages.Invoices" name="Pay_InvoiceWith_correctData_Buinsert_LettersAndSymbols_InField_Phone" time="7.441"/>
  <system-out/>
  <testcase classname="Pages.Invoices" name="Invoice_Details" time="8.341"/>
  <system-out/>
  <testcase classname="Pages.Invoices" name="Pay_InvoiceWith_correctData_Buinsert_SymbolsAndNumbersInField_LastName" time="9.202"/>
  <system-out/>
  <testcase classname="Pages.Invoices" name="Download_Invoice" time="12.061"/>
  <system-out/>
  <testcase classname="Pages.Invoices" name="Pay_InvoiceWith_correctData_Buinsert_SpacesInField_LastName" time="8.708"/>
  <system-out/>
  <testcase classname="Pages.Invoices" name="Pay_InvoiceWith_correctData_Buinsert_Wronglimitation_InField_Phone" time="8.389"/>
  <system-out/>
  <testcase classname="Pages.Invoices" name="Pay_InvoiceWith_correctData_Buinsert_SymbolsAndNumbersInField_FirstName" time="10.048"/>
  <system-out/>
  <testcase classname="Pages.Invoices" name="Pay_InvoiceWith_correctData_Buinsert_WrongFormat_inFieldEmail" time="8.641"/>
  <system-out/>
  <testcase classname="Pages.Invoices" name="Pay_InvoiceWith_correctData_AndChoose_CreditCard" time="14.097"/>
  <system-out/>
</testsuite> <!-- Pages.Invoices -->
