<?xml version="1.0" encoding="UTF-8"?>
<!-- Generated by org.testng.reporters.JUnitReportReporter -->
<testsuite hostname="DESKTOP-LQOK2RU" failures="0" tests="1" name="Pages.AddUntrackedOrder" time="22.452" errors="0" timestamp="2022-05-18T12:29:45 EET" skipped="0">
  <testcase classname="Pages.AddUntrackedOrder" name="AddOrder" time="22.452"/>
  <system-out/>
</testsuite> <!-- Pages.AddUntrackedOrder -->
