<?xml version="1.0" encoding="UTF-8"?>
<!-- Generated by org.testng.reporters.JUnitReportReporter -->
<testsuite hostname="NahirJamal" failures="0" tests="4" name="Pages.Login" time="36.185" errors="0" timestamp="2022-06-07T15:51:32 EET" skipped="0">
  <testcase classname="Pages.Login" name="Login_Wrong_username_Correct_password" time="6.455"/>
  <system-out/>
  <testcase classname="Pages.Login" name="Login_Valid_Data" time="9.162"/>
  <system-out/>
  <testcase classname="Pages.Login" name="Login_Correct_username_AndWrong_password" time="17.799"/>
  <system-out/>
  <testcase classname="Pages.Login" name="Login_All_fields_empty" time="2.769"/>
  <system-out/>
</testsuite> <!-- Pages.Login -->
