<?xml version="1.0" encoding="UTF-8"?>
<!-- Generated by org.testng.reporters.JUnitReportReporter -->
<testsuite hostname="NahirJamal" failures="0" tests="2" name="Pages.EditOrder_In_Yashry" time="28.656" errors="0" timestamp="2022-06-07T17:01:55 EET" skipped="0">
  <testcase classname="Pages.EditOrder_In_Yashry" name="CheckThat_someFields_Disabled" time="14.496"/>
  <system-out/>
  <testcase classname="Pages.EditOrder_In_Yashry" name="ValidData_WithInsert_NegativeNumber_In_OrderTotal" time="14.160"/>
  <system-out/>
</testsuite> <!-- Pages.EditOrder_In_Yashry -->
