<?xml version="1.0" encoding="UTF-8"?>
<!-- Generated by org.testng.reporters.JUnitReportReporter -->
<testsuite hostname="NahirJamal" failures="0" tests="4" name="Pages.Login" time="59.700" errors="0" timestamp="2022-06-07T14:29:45 EET" skipped="0">
  <testcase classname="Pages.Login" name="Login_Wrong_username_Correct_password" time="21.894"/>
  <system-out/>
  <testcase classname="Pages.Login" name="Login_Valid_Data" time="17.312"/>
  <system-out/>
  <testcase classname="Pages.Login" name="Login_All_fields_empty" time="6.900"/>
  <system-out/>
  <testcase classname="Pages.Login" name="Login_Correct_username_AndWrong_password" time="13.594"/>
  <system-out/>
</testsuite> <!-- Pages.Login -->
